<?xml version="1.0" encoding="UTF-8"?>
<testng-results skipped="0" failed="1" ignored="0" total="6" passed="5">
  <reporter-output>
    <line>
      <![CDATA[<a href='D:\QA\uBack-Give360\target\surefire-reports\failure_screenshots\loginTest_13_05_2020_02_13_57.png'> <img src='D:\QA\uBack-Give360\target\surefire-reports\failure_screenshots\loginTest_13_05_2020_02_13_57.png' height='100' width='100'/> </a>]]>
    </line>
  </reporter-output>
  <suite name="uBack-Give360 Regression Test Suite" duration-ms="64614" started-at="2020-05-13T14:12:54 IST" finished-at="2020-05-13T14:13:58 IST">
    <groups>
    </groups>
    <test name="Regression Functional Test" duration-ms="64614" started-at="2020-05-13T14:12:54 IST" finished-at="2020-05-13T14:13:58 IST">
      <class name="com.uback.donor.Tests.LoginPageTest">
        <test-method status="PASS" signature="setUp()[pri:0, instance:com.uback.donor.Tests.LoginPageTest@726a6b94]" name="setUp" is-config="true" duration-ms="40675" started-at="2020-05-13T14:12:55 IST" finished-at="2020-05-13T14:13:35 IST">
          <reporter-output>
          </reporter-output>
        </test-method> <!-- setUp -->
        <test-method status="PASS" signature="verifyLoginPageTitleTest()[pri:1, instance:com.uback.donor.Tests.LoginPageTest@726a6b94]" name="verifyLoginPageTitleTest" duration-ms="197" started-at="2020-05-13T14:13:35 IST" finished-at="2020-05-13T14:13:36 IST">
          <reporter-output>
          </reporter-output>
        </test-method> <!-- verifyLoginPageTitleTest -->
        <test-method status="PASS" signature="LogoTest()[pri:2, instance:com.uback.donor.Tests.LoginPageTest@726a6b94]" name="LogoTest" duration-ms="1305" started-at="2020-05-13T14:13:36 IST" finished-at="2020-05-13T14:13:37 IST">
          <reporter-output>
          </reporter-output>
        </test-method> <!-- LogoTest -->
        <test-method status="PASS" signature="verifyForgotPassTest()[pri:3, instance:com.uback.donor.Tests.LoginPageTest@726a6b94]" name="verifyForgotPassTest" duration-ms="1323" started-at="2020-05-13T14:13:37 IST" finished-at="2020-05-13T14:13:38 IST">
          <reporter-output>
          </reporter-output>
        </test-method> <!-- verifyForgotPassTest -->
        <test-method status="PASS" signature="FooterLogoTest()[pri:4, instance:com.uback.donor.Tests.LoginPageTest@726a6b94]" name="FooterLogoTest" duration-ms="1248" started-at="2020-05-13T14:13:38 IST" finished-at="2020-05-13T14:13:40 IST">
          <reporter-output>
          </reporter-output>
        </test-method> <!-- FooterLogoTest -->
        <test-method status="PASS" signature="CheckAllFooterLinkTest()[pri:5, instance:com.uback.donor.Tests.LoginPageTest@726a6b94]" name="CheckAllFooterLinkTest" duration-ms="340" started-at="2020-05-13T14:13:40 IST" finished-at="2020-05-13T14:13:40 IST">
          <reporter-output>
          </reporter-output>
        </test-method> <!-- CheckAllFooterLinkTest -->
        <test-method status="FAIL" signature="loginTest()[pri:6, instance:com.uback.donor.Tests.LoginPageTest@726a6b94]" name="loginTest" duration-ms="14054" started-at="2020-05-13T14:13:40 IST" finished-at="2020-05-13T14:13:54 IST">
          <exception class="org.openqa.selenium.TimeoutException">
            <message>
              <![CDATA[Expected condition failed: waiting for presence of element located by: By.cssSelector: span.account-name  (tried for 10 second(s) with 500 milliseconds interval)]]>
            </message>
            <full-stacktrace>
              <![CDATA[org.openqa.selenium.TimeoutException: Expected condition failed: waiting for presence of element located by: By.cssSelector: span.account-name  (tried for 10 second(s) with 500 milliseconds interval)
at org.openqa.selenium.support.ui.WebDriverWait.timeoutException(WebDriverWait.java:95)
at org.openqa.selenium.support.ui.FluentWait.until(FluentWait.java:272)
at com.uback.Utils.ElementUtil.waitForElementToBePresent(ElementUtil.java:163)
at com.uback.donor.Pages.HomePage.getAccountName(HomePage.java:45)
at com.uback.donor.Tests.LoginPageTest.loginTest(LoginPageTest.java:90)
at sun.reflect.NativeMethodAccessorImpl.invoke0(Native Method)
at sun.reflect.NativeMethodAccessorImpl.invoke(Unknown Source)
at sun.reflect.DelegatingMethodAccessorImpl.invoke(Unknown Source)
at java.lang.reflect.Method.invoke(Unknown Source)
at org.testng.internal.MethodInvocationHelper.invokeMethod(MethodInvocationHelper.java:135)
at org.testng.internal.TestInvoker.invokeMethod(TestInvoker.java:598)
at org.testng.internal.TestInvoker.invokeTestMethod(TestInvoker.java:174)
at org.testng.internal.MethodRunner.runInSequence(MethodRunner.java:46)
at org.testng.internal.TestInvoker$MethodInvocationAgent.invoke(TestInvoker.java:821)
at org.testng.internal.TestInvoker.invokeTestMethods(TestInvoker.java:147)
at org.testng.internal.TestMethodWorker.invokeTestMethods(TestMethodWorker.java:146)
at org.testng.internal.TestMethodWorker.run(TestMethodWorker.java:128)
at java.util.ArrayList.forEach(Unknown Source)
at org.testng.TestRunner.privateRun(TestRunner.java:767)
at org.testng.TestRunner.run(TestRunner.java:588)
at org.testng.SuiteRunner.runTest(SuiteRunner.java:384)
at org.testng.SuiteRunner.runSequentially(SuiteRunner.java:378)
at org.testng.SuiteRunner.privateRun(SuiteRunner.java:337)
at org.testng.SuiteRunner.run(SuiteRunner.java:286)
at org.testng.SuiteRunnerWorker.runSuite(SuiteRunnerWorker.java:53)
at org.testng.SuiteRunnerWorker.run(SuiteRunnerWorker.java:96)
at org.testng.TestNG.runSuitesSequentially(TestNG.java:1214)
at org.testng.TestNG.runSuitesLocally(TestNG.java:1136)
at org.testng.TestNG.runSuites(TestNG.java:1066)
at org.testng.TestNG.run(TestNG.java:1034)
at org.testng.remote.AbstractRemoteTestNG.run(AbstractRemoteTestNG.java:115)
at org.testng.remote.RemoteTestNG.initAndRun(RemoteTestNG.java:251)
at org.testng.remote.RemoteTestNG.main(RemoteTestNG.java:77)
Caused by: org.openqa.selenium.NoSuchElementException: no such element: Unable to locate element: {"method":"css selector","selector":"span.account-name "}
  (Session info: chrome=81.0.4044.138)
For documentation on this error, please visit: https://www.seleniumhq.org/exceptions/no_such_element.html
Build info: version: '3.141.59', revision: 'e82be7d358', time: '2018-11-14T08:17:03'
System info: host: 'SAFDAR-PC', ip: '192.168.1.162', os.name: 'Windows 7', os.arch: 'amd64', os.version: '6.1', java.version: '1.8.0_251'
Driver info: org.openqa.selenium.chrome.ChromeDriver
Capabilities {acceptInsecureCerts: false, browserName: chrome, browserVersion: 81.0.4044.138, chrome: {chromedriverVersion: 81.0.4044.138 (8c6c7ba89cc9..., userDataDir: C:\Users\Safdar\AppData\Loc...}, goog:chromeOptions: {debuggerAddress: localhost:59622}, javascriptEnabled: true, networkConnectionEnabled: false, pageLoadStrategy: normal, platform: WINDOWS, platformName: WINDOWS, proxy: Proxy(), setWindowRect: true, strictFileInteractability: false, timeouts: {implicit: 0, pageLoad: 300000, script: 30000}, unhandledPromptBehavior: dismiss and notify, webauthn:virtualAuthenticators: true}
Session ID: d4725c34746fb1e955cd03f2c1a2a63b
*** Element info: {Using=css selector, value=span.account-name }
at sun.reflect.GeneratedConstructorAccessor17.newInstance(Unknown Source)
at sun.reflect.DelegatingConstructorAccessorImpl.newInstance(Unknown Source)
at java.lang.reflect.Constructor.newInstance(Unknown Source)
at org.openqa.selenium.remote.http.W3CHttpResponseCodec.createException(W3CHttpResponseCodec.java:187)
at org.openqa.selenium.remote.http.W3CHttpResponseCodec.decode(W3CHttpResponseCodec.java:122)
at org.openqa.selenium.remote.http.W3CHttpResponseCodec.decode(W3CHttpResponseCodec.java:49)
at org.openqa.selenium.remote.HttpCommandExecutor.execute(HttpCommandExecutor.java:158)
at org.openqa.selenium.remote.service.DriverCommandExecutor.execute(DriverCommandExecutor.java:83)
at org.openqa.selenium.remote.RemoteWebDriver.execute(RemoteWebDriver.java:552)
at org.openqa.selenium.remote.RemoteWebDriver.findElement(RemoteWebDriver.java:323)
at org.openqa.selenium.remote.RemoteWebDriver.findElementByCssSelector(RemoteWebDriver.java:420)
at org.openqa.selenium.By$ByCssSelector.findElement(By.java:431)
at org.openqa.selenium.remote.RemoteWebDriver.findElement(RemoteWebDriver.java:315)
at org.openqa.selenium.support.ui.ExpectedConditions$6.apply(ExpectedConditions.java:182)
at org.openqa.selenium.support.ui.ExpectedConditions$6.apply(ExpectedConditions.java:179)
at org.openqa.selenium.support.ui.FluentWait.until(FluentWait.java:249)
... 31 more
]]>
            </full-stacktrace>
          </exception> <!-- org.openqa.selenium.TimeoutException -->
          <reporter-output>
            <line>
              <![CDATA[<a href='D:\QA\uBack-Give360\target\surefire-reports\failure_screenshots\loginTest_13_05_2020_02_13_57.png'> <img src='D:\QA\uBack-Give360\target\surefire-reports\failure_screenshots\loginTest_13_05_2020_02_13_57.png' height='100' width='100'/> </a>]]>
            </line>
          </reporter-output>
        </test-method> <!-- loginTest -->
        <test-method status="PASS" signature="tearDown()[pri:0, instance:com.uback.donor.Tests.LoginPageTest@726a6b94]" name="tearDown" is-config="true" duration-ms="655" started-at="2020-05-13T14:13:58 IST" finished-at="2020-05-13T14:13:58 IST">
          <reporter-output>
          </reporter-output>
        </test-method> <!-- tearDown -->
      </class> <!-- com.uback.donor.Tests.LoginPageTest -->
    </test> <!-- Regression Functional Test -->
  </suite> <!-- uBack-Give360 Regression Test Suite -->
</testng-results>
